#-----------------------------------------------------------
# Vivado v2019.2 (64-bit)
# SW Build 2708876 on Wed Nov  6 21:40:23 MST 2019
# IP Build 2700528 on Thu Nov  7 00:09:20 MST 2019
# Start of session at: Mon Dec  2 19:09:24 2024
# Process ID: 29092
# Current directory: C:/Users/vJanGo/Desktop/bitAI/Grade3Autumn/计组/project_1
# Command line: vivado.exe -gui_launcher_event rodinguilauncherevent24200 C:\Users\vJanGo\Desktop\bitAI\Grade3Autumn\计组\project_1\project_1.xpr
# Log file: C:/Users/vJanGo/Desktop/bitAI/Grade3Autumn/计组/project_1/vivado.log
# Journal file: C:/Users/vJanGo/Desktop/bitAI/Grade3Autumn/计组/project_1\vivado.jou
#-----------------------------------------------------------
start_gui
open_project C:/Users/vJanGo/Desktop/bitAI/Grade3Autumn/计组/project_1/project_1.xpr
Scanning sources...
Finished scanning sources
INFO: [IP_Flow 19-234] Refreshing IP repositories
INFO: [IP_Flow 19-1704] No user IP repositories specified
INFO: [IP_Flow 19-2313] Loaded Vivado IP repository 'D:/Vivado2019.2/Xilinx/Vivado/2019.2/data/ip'.
open_project: Time (s): cpu = 00:00:05 ; elapsed = 00:00:08 . Memory (MB): peak = 858.027 ; gain = 153.688
update_compile_order -fileset sources_1
exit
INFO: [Common 17-206] Exiting Vivado at Mon Dec  2 19:36:44 2024...
